2021-1-18 13-51-debug:"Start build task, options:"{"buildPath":"./build","compileImmediately":false,"compressTexture":true,"debug":false,"experimentalEraseModules":false,"mainBundleCompressionType":"merge_dep","mainBundleIsRemote":false,"md5Cache":false,"mergeStartScene":false,"name":"BrushBrushBrush","outputName":"android","packAutoAtlas":true,"packages":{"android":{"androidInstant":false,"apiLevel":"android-26","appABIs":[],"appBundle":false,"keystoreAlias":"","keystoreAliasPassword":"","keystorePassword":"","keystorePath":"","ndkPath":"","orientation":{"landscapeLeft":true,"landscapeRight":true,"portrait":false,"upsideDown":false},"packageName":"com.cocos.android","remoteUrl":"","renderBackEnd":{"gles2":false,"gles3":true,"vulkan":false},"sdkPath":"","useDebugKeystore":true},"native":{"polyfills":{"asyncFunctions":true},"template":"link"}},"platform":"android","replaceSplashScreen":false,"requireCompile":true,"scenes":[{"url":"db://assets/scene.scene","uuid":"d971fa4a-60bb-4d68-a37b-8906ec766765"}],"sourceMaps":false,"startScene":"d971fa4a-60bb-4d68-a37b-8906ec766765"}
2021-1-18 13-51-debug:"Query all assets info in project"
2021-1-18 13-51-debug:"  Number of all scenes: 1"
2021-1-18 13-51-debug:"BuildAssetLibrary initialized with asset 273!"
2021-1-18 13-51-debug:"  Number of other assets: 295"
2021-1-18 13-51-debug:"// ---- native:(onAfterInit) ----"
2021-1-18 13-51-debug:"Process: heapTotal 243.60MB heapUsed 214.98MB rss 281.50MB"
2021-1-18 13-51-debug:"native:(onAfterInit) start..."0
2021-1-18 13-51-debug:"  Number of all scripts: 8"
2021-1-18 13-51-debug:"Native engine root:C:\\CocosDashboard_1.0.11\\resources\\.editors\\Creator\\3.0.0-Preview.1\\resources\\resources\\3d\\cocos2d-x-lite"
2021-1-18 13-51-warn:"Browserslist: caniuse-lite is outdated. Please run the following command: `npx browserslist --update-db`"
2021-1-18 13-51-debug:"// ---- native:(onAfterInit) success ----"
2021-1-18 13-51-debug:"Process: heapTotal 290.61MB heapUsed 260.16MB rss 330.77MB"
2021-1-18 13-51-debug:"// ---- android:(onAfterInit) success ----"
2021-1-18 13-51-debug:"android:(onAfterInit) √"0.075
2021-1-18 13-51-debug:"// ---- android:(onAfterInit) ----"
2021-1-18 13-51-debug:"加载刷新项目脚本 start"0.075
2021-1-18 13-51-debug:"android:(onAfterInit) start..."0.0375
2021-1-18 13-51-debug:"Process: heapTotal 290.61MB heapUsed 260.21MB rss 330.77MB"
2021-1-18 13-51-debug:"native:(onAfterInit) √"0.0375
2021-1-18 13-51-log:"// ---- 加载刷新项目脚本 ----"
2021-1-18 13-51-debug:"reload all scripts."
2021-1-18 13-51-debug:"[[Executor]] Module \"builtin:cc\" loaded."
2021-1-18 13-51-debug:"Load module registry for project:///assets/ts/Bag.js at D:\\project\\BrushBrushBrush\\library\\5a\\5ab50ea2-e8fa-4da7-ab53-8d71263bc30d\\editor.js"
2021-1-18 13-51-debug:"Load module registry for project:///assets/ts/Battle.js at D:\\project\\BrushBrushBrush\\library\\d5\\d56f6a1d-6e38-470a-a534-b2dce0e7cb31\\editor.js"
2021-1-18 13-51-debug:"Load module registry for project:///assets/ts/Main.js at D:\\project\\BrushBrushBrush\\library\\7d\\7d072f86-b8be-46bf-a4e2-61cc33966ed2\\editor.js"
2021-1-18 13-51-debug:"Load module registry for project:///assets/ts/Player.js at D:\\project\\BrushBrushBrush\\library\\f4\\f4710e78-09d1-4d3a-8631-19c566842f48\\editor.js"
2021-1-18 13-51-debug:"Load module registry for project:///assets/ts/Enemy.js at D:\\project\\BrushBrushBrush\\library\\8e\\8ec2139e-795c-447d-b735-0a00d820cbd9\\editor.js"
2021-1-18 13-51-debug:"Load module registry for project:///assets/ts/Status.js at D:\\project\\BrushBrushBrush\\library\\cb\\cb03b016-0ac5-412c-a8fa-1c02a5075cdb\\editor.js"
2021-1-18 13-51-debug:"[[Executor]] Importing \"project:///assets/ts/Bag.js\"..."
2021-1-18 13-51-debug:"Load module registry for project:///assets/ts/UI.js at D:\\project\\BrushBrushBrush\\library\\42\\4211efcf-445c-466b-83a5-558c88cb8ade\\editor.js"
2021-1-18 13-51-debug:"[[Executor]] Register Player"
2021-1-18 13-51-debug:"[[Executor]] Module \"builtin:cce.code-quality.cr\" loaded."
2021-1-18 13-51-debug:"[[Executor]] Module \"project:///assets/ts/Player.js\" loaded."
2021-1-18 13-51-debug:"Load module registry for project:///assets/ts/Skill.js at D:\\project\\BrushBrushBrush\\library\\93\\932b9682-51a6-4a50-8a99-58c026b71c0c\\editor.js"
2021-1-18 13-51-debug:"[[Executor]] Importing \"project:///assets/ts/Battle.js\"..."
2021-1-18 13-51-debug:"[[Executor]] Register Bag"
2021-1-18 13-51-debug:"[[Executor]] Module \"project:///assets/ts/Bag.js\" loaded."
2021-1-18 13-51-debug:"[[Executor]] Module \"project:///assets/ts/Enemy.js\" loaded."
2021-1-18 13-51-debug:"[[Executor]] Register Battle"
2021-1-18 13-51-debug:"[[Executor]] Register Enemy"
2021-1-18 13-51-debug:"[[Executor]] Importing \"project:///assets/ts/Enemy.js\"..."
2021-1-18 13-51-debug:"[[Executor]] Module \"project:///assets/ts/Battle.js\" loaded."
2021-1-18 13-51-debug:"[[Executor]] Importing \"project:///assets/ts/Main.js\"..."
2021-1-18 13-51-debug:"[[Executor]] Module \"project:///assets/ts/Main.js\" loaded."
2021-1-18 13-51-debug:"[[Executor]] Register Main"
2021-1-18 13-51-debug:"[[Executor]] Importing \"project:///assets/ts/Skill.js\"..."
2021-1-18 13-51-debug:"[[Executor]] Module \"project:///assets/ts/Skill.js\" loaded."
2021-1-18 13-51-debug:"[[Executor]] Importing \"project:///assets/ts/Status.js\"..."
2021-1-18 13-51-debug:"[[Executor]] Register Status"
2021-1-18 13-51-debug:"[[Executor]] Register Skill"
2021-1-18 13-51-debug:"[[Executor]] Importing \"project:///assets/ts/UI.js\"..."
2021-1-18 13-51-debug:"[[Executor]] Importing \"project:///assets/ts/Player.js\"..."
2021-1-18 13-51-debug:"[[Executor]] Register UI"
2021-1-18 13-51-debug:"加载刷新项目脚本 √"0.10357142857142856
2021-1-18 13-51-debug:"查询 asset bundle start"0.10357142857142856
2021-1-18 13-51-debug:"[[Executor]] Module \"project:///assets/ts/Status.js\" loaded."
2021-1-18 13-51-debug:"[[Executor]] Module \"project:///assets/ts/UI.js\" loaded."
2021-1-18 13-51-log:"// ---- 查询 asset bundle ----"
2021-1-18 13-51-debug:"Process: heapTotal 291.11MB heapUsed 263.62MB rss 332.04MB"
2021-1-18 13-51-debug:"查询 asset bundle √"0.13214285714285715
2021-1-18 13-51-debug:"查询使用的资源以及资源包配置 start"0.13214285714285715
2021-1-18 13-51-debug:"Process: heapTotal 291.11MB heapUsed 263.74MB rss 332.05MB"
2021-1-18 13-51-debug:"Number of scenes: 1"
2021-1-18 13-51-debug:"getRawInstance""db://assets/scene.scene"
2021-1-18 13-51-log:"// ---- 查询使用的资源以及资源包配置 ----"
2021-1-18 13-51-debug:"Number of assets: 58"
2021-1-18 13-51-debug:"Number of asset bundle: 1"
2021-1-18 13-51-debug:"查询使用的资源以及资源包配置 √"0.16071428571428573
2021-1-18 13-51-debug:"整理脚本分组与脚本数据 start"0.16071428571428573
2021-1-18 13-51-log:"// ---- 整理脚本分组与脚本数据 ----"
2021-1-18 13-51-debug:"Process: heapTotal 291.11MB heapUsed 267.23MB rss 332.95MB"
2021-1-18 13-51-debug:"整理脚本分组与脚本数据 √"0.1892857142857143
2021-1-18 13-51-debug:"整理纹理压缩任务 start"0.1892857142857143
2021-1-18 13-51-log:"// ---- 整理纹理压缩任务 ----"
2021-1-18 13-51-debug:"Process: heapTotal 291.11MB heapUsed 267.28MB rss 332.95MB"
2021-1-18 13-51-debug:"sort script group..."
2021-1-18 13-51-debug:"整理纹理压缩任务 √"0.2178571428571429
2021-1-18 13-51-debug:"初步划分 json 合并分组 start"0.2178571428571429
2021-1-18 13-51-debug:"Process: heapTotal 291.11MB heapUsed 267.53MB rss 332.96MB"
2021-1-18 13-51-debug:"Number of json group: 1"
2021-1-18 13-51-debug:"初步划分 json 合并分组 √"0.24642857142857147
2021-1-18 13-51-log:"// ---- 整理合并压缩 Texture2D 的 json 数据 ----"
2021-1-18 13-51-debug:"整理合并压缩 Texture2D 的 json 数据 start"0.24642857142857147
2021-1-18 13-51-debug:"整理合并压缩 Texture2D 的 json 数据 √"0.275
2021-1-18 13-51-debug:" start"0.275
2021-1-18 13-51-log:"// ----  ----"
2021-1-18 13-51-debug:"Process: heapTotal 291.11MB heapUsed 267.69MB rss 333.02MB"
2021-1-18 13-51-debug:"Process: heapTotal 291.11MB heapUsed 267.63MB rss 332.98MB"
2021-1-18 13-51-debug:"Number of image-compress task: 0"
2021-1-18 13-51-log:"// ---- 初步划分 json 合并分组 ----"
2021-1-18 13-51-warn:"Browserslist: caniuse-lite is outdated. Please run:\nnpx browserslist@latest --update-db"
2021-1-18 13-51-debug:"Caught exception during build core-js: WebpackOptionsValidationError: Invalid configuration object. Webpack has been initialised using a configuration object that does not match the API schema.\n - configuration.entry should be an non-empty array.\n   -> A non-empty array of non-empty strings\nThis may indicates the core-js polyfill is not necessary. See https://github.com/zloirock/core-js/issues/822"
2021-1-18 13-51-debug:"打包脚本"0.275
2021-1-18 13-51-debug:"Process: heapTotal 301.89MB heapUsed 279.10MB rss 348.15MB"
2021-1-18 13-51-warn:"[[Build.Script.Rollup]] Circular dependency: D:\\project\\BrushBrushBrush\\assets\\ts\\Battle.ts -> D:\\project\\BrushBrushBrush\\assets\\ts\\Enemy.ts -> D:\\project\\BrushBrushBrush\\assets\\ts\\Battle.ts"
2021-1-18 13-51-debug:"Copy externalScripts success!"
2021-1-18 13-51-debug:"Process: heapTotal 365.19MB heapUsed 342.08MB rss 412.34MB"
2021-1-18 13-51-debug:"打包脚本√"0.275
2021-1-18 13-51-debug:"构建引擎"0.275
2021-1-18 13-51-warn:"Engine cache ({link(C:\\Users\\ADMINI~1\\AppData\\Local\\Temp\\CocosCreator\\3.0.0-preview.1\\builder\\engine\\d46b18d7a921754453671b0a7350af8c)}) does not exist."
2021-1-18 13-51-debug:{"incremental":"C:\\Users\\ADMINI~1\\AppData\\Local\\Temp\\CocosCreator\\3.0.0-preview.1\\builder\\engine\\d46b18d7a921754453671b0a7350af8c.watch-files.json","engine":"C:\\CocosDashboard_1.0.11\\resources\\.editors\\Creator\\3.0.0-Preview.1\\resources\\resources\\3d\\engine","out":"C:\\Users\\ADMINI~1\\AppData\\Local\\Temp\\CocosCreator\\3.0.0-preview.1\\builder\\engine\\d46b18d7a921754453671b0a7350af8c","moduleFormat":2,"compress":true,"buildTimeConstants":{"HTML5":false,"WECHAT":false,"ALIPAY":false,"BAIDU":false,"XIAOMI":false,"BYTEDANCE":false,"OPPO":false,"VIVO":false,"HUAWEI":false,"NATIVE":true,"COCOSPLAY":false,"LINKSURE":false,"QTT":false,"EDITOR":false,"PREVIEW":false,"BUILD":true,"TEST":false,"DEBUG":false,"DEV":false,"RUNTIME_BASED":false,"MINIGAME":false,"JSB":true,"SUPPORT_JIT":true},"loose":true}
2021-1-18 13-51-debug:"Build-engine options: {\n  \"incremental\": \"C:\\\\Users\\\\ADMINI~1\\\\AppData\\\\Local\\\\Temp\\\\CocosCreator\\\\3.0.0-preview.1\\\\builder\\\\engine\\\\d46b18d7a921754453671b0a7350af8c.watch-files.json\",\n  \"engine\": \"C:\\\\CocosDashboard_1.0.11\\\\resources\\\\.editors\\\\Creator\\\\3.0.0-Preview.1\\\\resources\\\\resources\\\\3d\\\\engine\",\n  \"out\": \"C:\\\\Users\\\\ADMINI~1\\\\AppData\\\\Local\\\\Temp\\\\CocosCreator\\\\3.0.0-preview.1\\\\builder\\\\engine\\\\d46b18d7a921754453671b0a7350af8c\",\n  \"moduleFormat\": 2,\n  \"compress\": true,\n  \"buildTimeConstants\": {\n    \"HTML5\": false,\n    \"WECHAT\": false,\n    \"ALIPAY\": false,\n    \"BAIDU\": false,\n    \"XIAOMI\": false,\n    \"BYTEDANCE\": false,\n    \"OPPO\": false,\n    \"VIVO\": false,\n    \"HUAWEI\": false,\n    \"NATIVE\": true,\n    \"COCOSPLAY\": false,\n    \"LINKSURE\": false,\n    \"QTT\": false,\n    \"EDITOR\": false,\n    \"PREVIEW\": false,\n    \"BUILD\": true,\n    \"TEST\": false,\n    \"DEBUG\": false,\n    \"DEV\": false,\n    \"RUNTIME_BASED\": false,\n    \"MINIGAME\": false,\n    \"JSB\": true,\n    \"SUPPORT_JIT\": true\n  },\n  \"loose\": true,\n  \"moduleEntries\": [\n    \"base\",\n    \"gfx-webgl\",\n    \"gfx-webgl2\",\n    \"ui\",\n    \"particle\",\n    \"physics-cannon\",\n    \"physics-framework\",\n    \"physics-2d-box2d\",\n    \"physics-2d-framework\",\n    \"intersection-2d\",\n    \"particle-2d\",\n    \"audio\",\n    \"video\",\n    \"webview\",\n    \"tween\",\n    \"terrain\",\n    \"tiled-map\",\n    \"spine\",\n    \"dragonbones\"\n  ],\n  \"targets\": \"chrome 80\"\n}"
2021-1-18 13-51-debug:"Module source \"internal-constants\":\nexport const EXPORT_TO_GLOBAL = true;\nexport const HTML5 = false;\nexport const WECHAT = false;\nexport const ALIPAY = false;\nexport const BAIDU = false;\nexport const XIAOMI = false;\nexport const BYTEDANCE = false;\nexport const OPPO = false;\nexport const VIVO = false;\nexport const HUAWEI = false;\nexport const NATIVE = true;\nexport const COCOSPLAY = false;\nexport const LINKSURE = false;\nexport const QTT = false;\nexport const EDITOR = false;\nexport const PREVIEW = false;\nexport const BUILD = true;\nexport const TEST = false;\nexport const DEBUG = false;\nexport const DEV = false;\nexport const RUNTIME_BASED = false;\nexport const MINIGAME = false;\nexport const JSB = true;\nexport const SUPPORT_JIT = true;"
2021-1-18 13-51-debug:"Module source \"cc\":\nexport * from 'C:\\\\CocosDashboard_1.0.11\\\\resources\\\\.editors\\\\Creator\\\\3.0.0-Preview.1\\\\resources\\\\resources\\\\3d\\\\engine\\\\exports\\\\audio.ts';\nexport * from 'C:\\\\CocosDashboard_1.0.11\\\\resources\\\\.editors\\\\Creator\\\\3.0.0-Preview.1\\\\resources\\\\resources\\\\3d\\\\engine\\\\exports\\\\base.ts';\nexport * from 'C:\\\\CocosDashboard_1.0.11\\\\resources\\\\.editors\\\\Creator\\\\3.0.0-Preview.1\\\\resources\\\\resources\\\\3d\\\\engine\\\\exports\\\\dragonbones.ts';\nexport * from 'C:\\\\CocosDashboard_1.0.11\\\\resources\\\\.editors\\\\Creator\\\\3.0.0-Preview.1\\\\resources\\\\resources\\\\3d\\\\engine\\\\exports\\\\gfx-webgl.ts';\nexport * from 'C:\\\\CocosDashboard_1.0.11\\\\resources\\\\.editors\\\\Creator\\\\3.0.0-Preview.1\\\\resources\\\\resources\\\\3d\\\\engine\\\\exports\\\\gfx-webgl2.ts';\nexport * from 'C:\\\\CocosDashboard_1.0.11\\\\resources\\\\.editors\\\\Creator\\\\3.0.0-Preview.1\\\\resources\\\\resources\\\\3d\\\\engine\\\\exports\\\\intersection-2d.ts';\nexport * from 'C:\\\\CocosDashboard_1.0.11\\\\resources\\\\.editors\\\\Creator\\\\3.0.0-Preview.1\\\\resources\\\\resources\\\\3d\\\\engine\\\\exports\\\\particle-2d.ts';\nexport * from 'C:\\\\CocosDashboard_1.0.11\\\\resources\\\\.editors\\\\Creator\\\\3.0.0-Preview.1\\\\resources\\\\resources\\\\3d\\\\engine\\\\exports\\\\particle.ts';\nexport * from 'C:\\\\CocosDashboard_1.0.11\\\\resources\\\\.editors\\\\Creator\\\\3.0.0-Preview.1\\\\resources\\\\resources\\\\3d\\\\engine\\\\exports\\\\physics-2d-box2d.ts';\nexport * from 'C:\\\\CocosDashboard_1.0.11\\\\resources\\\\.editors\\\\Creator\\\\3.0.0-Preview.1\\\\resources\\\\resources\\\\3d\\\\engine\\\\exports\\\\physics-2d-framework.ts';\nexport * from 'C:\\\\CocosDashboard_1.0.11\\\\resources\\\\.editors\\\\Creator\\\\3.0.0-Preview.1\\\\resources\\\\resources\\\\3d\\\\engine\\\\exports\\\\physics-cannon.ts';\nexport * from 'C:\\\\CocosDashboard_1.0.11\\\\resources\\\\.editors\\\\Creator\\\\3.0.0-Preview.1\\\\resources\\\\resources\\\\3d\\\\engine\\\\exports\\\\physics-framework.ts';\nexport * from 'C:\\\\CocosDashboard_1.0.11\\\\resources\\\\.editors\\\\Creator\\\\3.0.0-Preview.1\\\\resources\\\\resources\\\\3d\\\\engine\\\\exports\\\\spine.ts';\nexport * from 'C:\\\\CocosDashboard_1.0.11\\\\resources\\\\.editors\\\\Creator\\\\3.0.0-Preview.1\\\\resources\\\\resources\\\\3d\\\\engine\\\\exports\\\\terrain.ts';\nexport * from 'C:\\\\CocosDashboard_1.0.11\\\\resources\\\\.editors\\\\Creator\\\\3.0.0-Preview.1\\\\resources\\\\resources\\\\3d\\\\engine\\\\exports\\\\tiled-map.ts';\nexport * from 'C:\\\\CocosDashboard_1.0.11\\\\resources\\\\.editors\\\\Creator\\\\3.0.0-Preview.1\\\\resources\\\\resources\\\\3d\\\\engine\\\\exports\\\\tween.ts';\nexport * from 'C:\\\\CocosDashboard_1.0.11\\\\resources\\\\.editors\\\\Creator\\\\3.0.0-Preview.1\\\\resources\\\\resources\\\\3d\\\\engine\\\\exports\\\\ui.ts';\nexport * from 'C:\\\\CocosDashboard_1.0.11\\\\resources\\\\.editors\\\\Creator\\\\3.0.0-Preview.1\\\\resources\\\\resources\\\\3d\\\\engine\\\\exports\\\\video.ts';\nexport * from 'C:\\\\CocosDashboard_1.0.11\\\\resources\\\\.editors\\\\Creator\\\\3.0.0-Preview.1\\\\resources\\\\resources\\\\3d\\\\engine\\\\exports\\\\webview.ts';"
2021-1-18 13-51-debug:"Redirect module C:\\CocosDashboard_1.0.11\\resources\\.editors\\Creator\\3.0.0-Preview.1\\resources\\resources\\3d\\engine\\cocos\\core\\gfx\\index.ts to C:\\CocosDashboard_1.0.11\\resources\\.editors\\Creator\\3.0.0-Preview.1\\resources\\resources\\3d\\engine\\cocos\\core\\gfx\\index.jsb.ts"
2021-1-18 13-51-debug:"Redirect module C:\\CocosDashboard_1.0.11\\resources\\.editors\\Creator\\3.0.0-Preview.1\\resources\\resources\\3d\\engine\\cocos\\core\\pipeline\\index.ts to C:\\CocosDashboard_1.0.11\\resources\\.editors\\Creator\\3.0.0-Preview.1\\resources\\resources\\3d\\engine\\cocos\\core\\pipeline\\index.jsb.ts"
2021-1-18 13-51-debug:"Redirect module C:\\CocosDashboard_1.0.11\\resources\\.editors\\Creator\\3.0.0-Preview.1\\resources\\resources\\3d\\engine\\cocos\\core\\gfx\\pipeline-state.ts to C:\\CocosDashboard_1.0.11\\resources\\.editors\\Creator\\3.0.0-Preview.1\\resources\\resources\\3d\\engine\\cocos\\core\\gfx\\pipeline-state.jsb.ts"
2021-1-18 13-51-debug:"Redirect module C:\\CocosDashboard_1.0.11\\resources\\.editors\\Creator\\3.0.0-Preview.1\\resources\\resources\\3d\\engine\\cocos\\core\\renderer\\core\\native-pools.ts to C:\\CocosDashboard_1.0.11\\resources\\.editors\\Creator\\3.0.0-Preview.1\\resources\\resources\\3d\\engine\\cocos\\core\\renderer\\core\\native-pools.jsb.ts"
2021-1-18 13-51-warn:"The 'this' keyword is equivalent to 'undefined' at the top level of an ES module, and has been rewritten"
2021-1-18 13-51-warn:"The 'this' keyword is equivalent to 'undefined' at the top level of an ES module, and has been rewritten"
2021-1-18 13-52-error:"[BABEL] Note: The code generator has deoptimised the styling of C:\\CocosDashboard_1.0.11\\resources\\.editors\\Creator\\3.0.0-Preview.1\\resources\\resources\\3d\\engine\\cocos\\dragonbones\\lib\\dragonBones.js as it exceeds the max of 500KB."
2021-1-18 13-52-warn:"The 'this' keyword is equivalent to 'undefined' at the top level of an ES module, and has been rewritten"
2021-1-18 13-52-warn:"The 'this' keyword is equivalent to 'undefined' at the top level of an ES module, and has been rewritten"
2021-1-18 13-52-debug:"构建引擎√"0.275
2021-1-18 13-52-debug:"构建自动图集 start"0.3321428571428572
2021-1-18 13-52-debug:"Process: heapTotal 1268.01MB heapUsed 1119.67MB rss 1338.43MB"
2021-1-18 13-52-debug:" √"0.3321428571428572
2021-1-18 13-52-debug:"图片拷贝压缩任务 start"0.38928571428571435
2021-1-18 13-52-log:"// ---- 图片拷贝压缩任务 ----"
2021-1-18 13-52-log:"// ---- 构建自动图集 ----"
2021-1-18 13-52-debug:"图片拷贝压缩任务 √"0.4464285714285715
2021-1-18 13-52-debug:"Process: heapTotal 1268.01MB heapUsed 1119.74MB rss 1338.43MB"
2021-1-18 13-52-log:"// ---- 将资源拷贝到指定位置 ----"
2021-1-18 13-52-debug:"Process: heapTotal 1268.01MB heapUsed 1119.77MB rss 1338.44MB"
2021-1-18 13-52-debug:"构建自动图集 √"0.38928571428571435
2021-1-18 13-52-debug:"将资源拷贝到指定位置 start"0.4464285714285715
2021-1-18 13-52-debug:"Asset Bundle(main) handle assets: 58"
2021-1-18 13-52-debug:"将资源拷贝到指定位置 √"0.5035714285714287
2021-1-18 13-52-log:"// ---- 将分组后的 json 与散文件构建到指定位置 ----"
2021-1-18 13-52-debug:"getSerializedJSON: Use cache serialized JSON of asset ({asset(db://assets/prefab/equipBtn.prefab)})"
2021-1-18 13-52-debug:"将分组后的 json 与散文件构建到指定位置 start"0.5035714285714287
2021-1-18 13-52-debug:"Process: heapTotal 1268.01MB heapUsed 1120.68MB rss 1337.98MB"
2021-1-18 13-52-debug:"getSerializedJSON: Use cache serialized JSON of asset ({asset(db://assets/prefab/PlayerStatus.prefab)})"
2021-1-18 13-52-debug:"getSerializedJSON: Use cache serialized JSON of asset ({asset(db://assets/img/swords-emblem.png/spriteFrame)})"
2021-1-18 13-52-debug:"getSerializedJSON: Use cache serialized JSON of asset ({asset(db://assets/prefab/Introduction.prefab)})"
2021-1-18 13-52-debug:"getSerializedJSON: Use cache serialized JSON of asset ({asset(db://assets/anim/atack.anim)})"
2021-1-18 13-52-debug:"getSerializedJSON: Use cache serialized JSON of asset ({asset(db://assets/img/backpack.png/spriteFrame)})"
2021-1-18 13-52-debug:"getSerializedJSON: Use cache serialized JSON of asset ({asset(db://internal/default_ui/default_sprite_splash.png/spriteFrame)})"
2021-1-18 13-52-debug:"getSerializedJSON: Use cache serialized JSON of asset ({asset(db://assets/img/back.jpg/spriteFrame)})"
2021-1-18 13-52-debug:"getSerializedJSON: Use cache serialized JSON of asset ({asset(db://internal/default_ui/default_progressbar_bg.png/spriteFrame)})"
2021-1-18 13-52-debug:"getSerializedJSON: Use cache serialized JSON of asset ({asset(db://internal/default_ui/default_progressbar.png/spriteFrame)})"
2021-1-18 13-52-debug:"getSerializedJSON: Use cache serialized JSON of asset ({asset(db://assets/img/skills.png/spriteFrame)})"
2021-1-18 13-52-debug:"getSerializedJSON: Use cache serialized JSON of asset ({asset(db://assets/prefab/enemyStatus.prefab)})"
2021-1-18 13-52-debug:"getSerializedJSON: Use cache serialized JSON of asset ({asset(db://assets/anim/toleft.anim)})"
2021-1-18 13-52-debug:"getSerializedJSON: Use cache serialized JSON of asset ({asset(db://assets/prefab/Goods.prefab)})"
2021-1-18 13-52-debug:"getSerializedJSON: Use cache serialized JSON of asset ({asset(db://assets/anim/toright.anim)})"
2021-1-18 13-52-debug:"getSerializedJSON: Use cache serialized JSON of asset ({asset(db://internal/default_ui/default_btn_pressed.png/spriteFrame)})"
2021-1-18 13-52-debug:"getSerializedJSON: Use cache serialized JSON of asset ({asset(db://internal/default_ui/default_btn_normal.png/spriteFrame)})"
2021-1-18 13-52-debug:"getSerializedJSON: Use cache serialized JSON of asset ({asset(db://internal/default_ui/default_btn_disabled.png/spriteFrame)})"
2021-1-18 13-52-debug:"getSerializedJSON: Use cache serialized JSON of asset ({asset(db://assets/prefab/Model.prefab)})"
2021-1-18 13-52-debug:"getSerializedJSON: Use cache serialized JSON of asset ({asset(db://assets/anim/fromLeft.anim)})"
2021-1-18 13-52-debug:"getSerializedJSON: Use cache serialized JSON of asset ({asset(db://internal/default_ui/default_scrollbar_vertical.png/spriteFrame)})"
2021-1-18 13-52-debug:"getSerializedJSON: Use cache serialized JSON of asset ({asset(db://assets/anim/atacked.anim)})"
2021-1-18 13-52-debug:"getSerializedJSON: Use cache serialized JSON of asset ({asset(db://assets/anim/fromRight.anim)})"
2021-1-18 13-52-debug:"getSerializedJSON: Use cache serialized JSON of asset ({asset(db://internal/default_ui/default_panel.png/spriteFrame)})"
2021-1-18 13-52-debug:"getSerializedJSON: Use cache serialized JSON of asset ({asset(db://assets/img/battle-gear.png/spriteFrame)})"
2021-1-18 13-52-debug:"getSerializedJSON: Use cache serialized JSON of asset ({asset(db://assets/anim/enemyAtack.anim)})"
2021-1-18 13-52-debug:"getSerializedJSON: Use cache serialized JSON of asset ({asset(db://assets/prefab/Enemy.prefab)})"
2021-1-18 13-52-debug:"getRawInstance""db://assets/scene.scene"
2021-1-18 13-52-debug:"getSerializedJSON: Use cache serialized JSON of asset ({asset(db://internal/default_ui/default_scrollbar_vertical_bg.png/spriteFrame)})"
2021-1-18 13-52-debug:"Json group(build-task/json) compile success，json number: 6"
2021-1-18 13-52-debug:"getSerializedJSON: Use cache serialized JSON of asset ({asset(db://assets/img/swords-emblem.png/texture)})"
2021-1-18 13-52-debug:"getSerializedJSON: Use cache serialized JSON of asset ({asset(db://assets/img/backpack.png/texture)})"
2021-1-18 13-52-debug:"getSerializedJSON: Use cache serialized JSON of asset ({asset(db://assets/img/back.jpg/texture)})"
2021-1-18 13-52-debug:"getSerializedJSON: Use cache serialized JSON of asset ({asset(db://internal/default_ui/default_sprite_splash.png/texture)})"
2021-1-18 13-52-debug:"getSerializedJSON: Use cache serialized JSON of asset ({asset(db://internal/default_ui/default_progressbar.png/texture)})"
2021-1-18 13-52-debug:"getSerializedJSON: Use cache serialized JSON of asset ({asset(db://internal/default_ui/default_progressbar_bg.png/texture)})"
2021-1-18 13-52-debug:"getSerializedJSON: Use cache serialized JSON of asset ({asset(db://assets/img/skills.png/texture)})"
2021-1-18 13-52-debug:"getSerializedJSON: Use cache serialized JSON of asset ({asset(db://internal/default_ui/default_btn_pressed.png/texture)})"
2021-1-18 13-52-debug:"getSerializedJSON: Use cache serialized JSON of asset ({asset(db://internal/default_ui/default_btn_normal.png/texture)})"
2021-1-18 13-52-debug:"getSerializedJSON: Use cache serialized JSON of asset ({asset(db://internal/default_ui/default_btn_disabled.png/texture)})"
2021-1-18 13-52-debug:"getSerializedJSON: Use cache serialized JSON of asset ({asset(db://internal/default_ui/default_scrollbar_vertical.png/texture)})"
2021-1-18 13-52-debug:"getSerializedJSON: Use cache serialized JSON of asset ({asset(db://internal/default_ui/default_panel.png/texture)})"
2021-1-18 13-52-debug:"getSerializedJSON: Use cache serialized JSON of asset ({asset(db://assets/img/battle-gear.png/texture)})"
2021-1-18 13-52-debug:"getSerializedJSON: Use cache serialized JSON of asset ({asset(db://internal/default_ui/default_scrollbar_vertical_bg.png/texture)})"
2021-1-18 13-52-debug:"getSerializedJSON: Use cache serialized JSON of asset ({asset(db://internal/default_renderpipeline/builtin-forward.rpp)})"
2021-1-18 13-52-debug:"getSerializedJSON: Use cache serialized JSON of asset ({asset(db://internal/default_ui/default_btn_normal.png)})"
2021-1-18 13-52-debug:"getSerializedJSON: Use cache serialized JSON of asset ({asset(db://assets/img/back.jpg)})"
2021-1-18 13-52-debug:"getSerializedJSON: Use cache serialized JSON of asset ({asset(db://internal/default_ui/default_sprite_splash.png)})"
2021-1-18 13-52-debug:"getSerializedJSON: Use cache serialized JSON of asset ({asset(db://internal/default_ui/default_btn_disabled.png)})"
2021-1-18 13-52-debug:"getSerializedJSON: Use cache serialized JSON of asset ({asset(db://internal/default_ui/default_btn_pressed.png)})"
2021-1-18 13-52-debug:"getSerializedJSON: Use cache serialized JSON of asset ({asset(db://internal/default_ui/default_scrollbar_vertical_bg.png)})"
2021-1-18 13-52-debug:"getSerializedJSON: Use cache serialized JSON of asset ({asset(db://internal/default_ui/default_scrollbar_vertical.png)})"
2021-1-18 13-52-debug:"getSerializedJSON: Use cache serialized JSON of asset ({asset(db://internal/default_ui/default_panel.png)})"
2021-1-18 13-52-debug:"getSerializedJSON: Use cache serialized JSON of asset ({asset(db://assets/img/backpack.png)})"
2021-1-18 13-52-debug:"getSerializedJSON: Use cache serialized JSON of asset ({asset(db://internal/default_ui/default_progressbar.png)})"
2021-1-18 13-52-debug:"getSerializedJSON: Use cache serialized JSON of asset ({asset(db://assets/img/battle-gear.png)})"
2021-1-18 13-52-debug:"getSerializedJSON: Use cache serialized JSON of asset ({asset(db://internal/default_ui/default_progressbar_bg.png)})"
2021-1-18 13-52-debug:"getSerializedJSON: Use cache serialized JSON of asset ({asset(db://assets/img/skills.png)})"
2021-1-18 13-52-debug:"getSerializedJSON: Use cache serialized JSON of asset ({asset(db://assets/img/swords-emblem.png)})"
2021-1-18 13-52-debug:"将分组后的 json 与散文件构建到指定位置 √"0.5607142857142858
2021-1-18 13-52-debug:"压缩 zip bundle start"0.5607142857142858
2021-1-18 13-52-log:"// ---- 压缩 zip bundle ----"
2021-1-18 13-52-debug:"压缩 zip bundle √"0.617857142857143
2021-1-18 13-52-debug:"Process: heapTotal 1268.51MB heapUsed 1115.61MB rss 1335.63MB"
2021-1-18 13-52-log:"// ---- 给所有的资源加上 md5 后缀 ----"
2021-1-18 13-52-debug:"Process: heapTotal 1268.51MB heapUsed 1115.64MB rss 1335.63MB"
2021-1-18 13-52-debug:"给所有的资源加上 md5 后缀 √"0.6750000000000002
2021-1-18 13-52-debug:"初始化 settings 与 config start"0.6750000000000002
2021-1-18 13-52-log:"// ---- 初始化 settings 与 config ----"
2021-1-18 13-52-debug:"Process: heapTotal 1268.51MB heapUsed 1115.68MB rss 1335.63MB"
2021-1-18 13-52-debug:"初始化 settings 与 config √"0.6805555555555557
2021-1-18 13-52-debug:"tasks.settings.macro字段未在编辑器多语言内定义"
2021-1-18 13-52-debug:"tasks.settings.macro start"0.6805555555555557
2021-1-18 13-52-debug:"Process: heapTotal 1268.51MB heapUsed 1115.72MB rss 1335.63MB"
2021-1-18 13-52-log:"// ---- tasks.settings.macro ----"
2021-1-18 13-52-debug:"给所有的资源加上 md5 后缀 start"0.617857142857143
2021-1-18 13-52-debug:"tasks.settings.macro √"0.6861111111111112
2021-1-18 13-52-debug:"使用缓存 settings start"0.6861111111111112
2021-1-18 13-52-debug:"Process: heapTotal 1268.51MB heapUsed 1115.85MB rss 1335.62MB"
2021-1-18 13-52-log:"// ---- 使用缓存 settings ----"
2021-1-18 13-52-debug:"使用缓存 settings √"0.6916666666666668
2021-1-18 13-52-debug:"custom joint texture layouts start"0.6916666666666668
2021-1-18 13-52-debug:"Process: heapTotal 1268.51MB heapUsed 1115.97MB rss 1335.63MB"
2021-1-18 13-52-debug:"custom joint physics start"0.6972222222222223
2021-1-18 13-52-log:"// ---- custom joint physics ----"
2021-1-18 13-52-debug:"Process: heapTotal 1268.51MB heapUsed 1116.00MB rss 1335.63MB"
2021-1-18 13-52-debug:"填充脚本数据到 settings start"0.7027777777777778
2021-1-18 13-52-log:"// ---- 填充脚本数据到 settings ----"
2021-1-18 13-52-debug:"Process: heapTotal 1268.51MB heapUsed 1116.04MB rss 1335.63MB"
2021-1-18 13-52-debug:"填充脚本数据到 settings √"0.7083333333333334
2021-1-18 13-52-debug:"填充场景数据到 settings start"0.7083333333333334
2021-1-18 13-52-log:"// ---- 填充场景数据到 settings ----"
2021-1-18 13-52-debug:"custom joint texture layouts √"0.6972222222222223
2021-1-18 13-52-debug:"Process: heapTotal 1268.51MB heapUsed 1116.07MB rss 1335.63MB"
2021-1-18 13-52-debug:"整理 assets 分组，生成 packedAssets 以及 rawAssets 数据 start"0.7138888888888889
2021-1-18 13-52-log:"// ---- 整理 assets 分组，生成 packedAssets 以及 rawAssets 数据 ----"
2021-1-18 13-52-debug:"Process: heapTotal 1268.51MB heapUsed 1116.10MB rss 1335.63MB"
2021-1-18 13-52-debug:"填充场景数据到 settings √"0.7138888888888889
2021-1-18 13-52-debug:"从 suffixMap 生成 md5AssetsMap 到 settings start"0.7194444444444444
2021-1-18 13-52-log:"// ---- 从 suffixMap 生成 md5AssetsMap 到 settings ----"
2021-1-18 13-52-debug:"Process: heapTotal 1268.51MB heapUsed 1116.14MB rss 1335.63MB"
2021-1-18 13-52-debug:"options.md5Cache is false."
2021-1-18 13-52-debug:"从 suffixMap 生成 md5AssetsMap 到 settings √"0.725
2021-1-18 13-52-debug:"压缩 config.json 与 settings.js start"0.725
2021-1-18 13-52-log:"// ---- 压缩 config.json 与 settings.js ----"
2021-1-18 13-52-debug:"Process: heapTotal 1268.51MB heapUsed 1116.18MB rss 1335.63MB"
2021-1-18 13-52-debug:"压缩 config.json 与 settings.js √"0.7374999999999999
2021-1-18 13-52-debug:"保存 config.json start"0.7374999999999999
2021-1-18 13-52-log:"// ---- 保存 config.json ----"
2021-1-18 13-52-debug:"Process: heapTotal 1268.51MB heapUsed 1116.31MB rss 1335.63MB"
2021-1-18 13-52-debug:"整理 assets 分组，生成 packedAssets 以及 rawAssets 数据 √"0.7194444444444444
2021-1-18 13-52-debug:"保存 config.json √"0.7499999999999999
2021-1-18 13-52-debug:"保存 settings.json start"0.7499999999999999
2021-1-18 13-52-log:"// ---- 保存 settings.json ----"
2021-1-18 13-52-debug:"Process: heapTotal 1268.51MB heapUsed 1116.35MB rss 1335.63MB"
2021-1-18 13-52-debug:"保存 settings.json √"0.7624999999999998
2021-1-18 13-52-log:"// ---- 整理静态模板文件 ----"
2021-1-18 13-52-debug:"Process: heapTotal 1268.51MB heapUsed 1116.45MB rss 1335.63MB"
2021-1-18 13-52-debug:"整理静态模板文件 √"0.7749999999999998
2021-1-18 13-52-debug:"整理静态模板文件 start"0.7624999999999998
2021-1-18 13-52-debug:"native:(onAfterBuild) start..."0.7749999999999998
2021-1-18 13-52-debug:"// ---- native:(onAfterBuild) ----"
2021-1-18 13-52-debug:"Process: heapTotal 1268.51MB heapUsed 1120.18MB rss 1335.65MB"
2021-1-18 13-52-debug:"custom joint physics √"0.7027777777777778
2021-1-18 13-52-log:"// ---- custom joint texture layouts ----"
2021-1-18 13-52-log:"dir D:\\project\\BrushBrushBrush\\build\\android\\proj or D:\\project\\BrushBrushBrush\\build\\android\\proj is not found!"
2021-1-18 13-52-log:"[plugin New]: running ..."
2021-1-18 13-52-log:"update gradle.prperties"
2021-1-18 13-52-log:"AndroidAPI level 27"
2021-1-18 13-52-log:"android instant not configured"
2021-1-18 13-52-debug:"generateCMakeConfig, {\"CC_USE_GLES3\":true,\"CC_USE_GLES2\":false,\"CC_USE_VULKAN\":false,\"USE_AUDIO\":true,\"USE_VIDEO\":true,\"USE_WEBVIEW\":true}"
2021-1-18 13-52-log:"  [plugin New]: done!"
2021-1-18 13-52-log:"[plugin Generate]: running ..."
2021-1-18 13-52-log:"generate android"
2021-1-18 13-52-log:"  [plugin Generate]: done!"
2021-1-18 13-52-debug:"native:(onAfterBuild) √"0.8124999999999998
2021-1-18 13-52-debug:"android:(onAfterBuild) start..."0.8124999999999998
2021-1-18 13-52-debug:"// ---- android:(onAfterBuild) ----"
2021-1-18 13-52-debug:"// ---- native:(onAfterBuild) success ----"
2021-1-18 13-52-debug:"Process: heapTotal 1269.51MB heapUsed 1111.92MB rss 1335.63MB"
2021-1-18 13-52-debug:"// ---- android:(onAfterBuild) success ----"
2021-1-18 13-52-debug:"android:(onAfterBuild) √"0.8499999999999998
